{"logTime": "0518/215310", "correlationVector":"Ty/CDNs1ueNm4Ec6c0tqht.1","action":"SyncServerConnectionManagerRequest", "result":"SYNC_SERVER_OK", "context":{"environment":"Prod_francecentral_prod-s01-062-eur-francecentral", "migrationStage":"NotStarted", "server":"akswtt00700001b"}}
{"logTime": "0518/215310", "correlationVector":"Ty/CDNs1ueNm4Ec6c0tqht.2","action":"ProcessGetUpdates", "result":"Done", "context":{"dataType":"Encryption Keys", "deleted":"0", "process_failed_to_decrypt":"0", "process_pending_decryption":"0", "process_success":"1", "total":"1"}}
{"logTime": "0518/215313", "correlationVector":"RKzQhoOW7CzjLOOOufQegc","action":"SyncServerConnectionManagerRequest", "result":"SYNC_SERVER_OK", "context":{"environment":"", "migrationStage":"", "server":""}}
{"logTime": "0518/215313", "correlationVector":"RKzQhoOW7CzjLOOOufQegc.1","action":"EncryptionKeysManager::SetEncryptionKeys:", "result":"Success", "context":Key names[5]:[kdJ8sOlnGhChMZdhaGDUcGJc/Drd9++Bt+1revGchWXeFy80kfOb+mP04hliIZv6AiZlXXGAmD/zS5eJ8/j/mg==][2BjiIbf0ZTzRQ7NZ1IgoF/dql2IBmiyh9QxHXV1OmYBb//wl6PDeU28N99Pd42cm2u3ho+XtdoWoHjyViQpYhQ==][4wCGGi+Y0P9pSe/8+q0a5W9rwYpMu2GQjIpzbQWu2myKwoF84CA6XfFe/1NVh+yXySOmhseXI2auc2QXVg7RZw==][2tipcNbvxclr7zHbDQR9EFLdvlU1ECVBk6tw8PVzRItBpHJf1UJIgfn7Frxf+myIH5v0iykQVublbobZ+B+BPA==][1DDbfIONsuPz8KHlWRw0nHItMvpOlbsHoYHaWL0AX/yL1aPZwNJnEHwVhoviKQSyY7ejgJM2tpkHHStETrjJ1w==]}
{"logTime": "0518/215313", "correlationVector":"RKzQhoOW7CzjLOOOufQegc.2","action":"EncryptionKeysManager::SetEncryptionKeysWithTimestamps:", "result":"Success", "context":Key timestamps[5]:[2023-05-21T03:42:36Z][2023-11-23T20:38:13Z][2024-05-22T15:13:28Z][2024-11-19T12:31:35Z][2025-05-18T21:53:10Z]}
{"logTime": "0518/215313", "correlationVector":"Ty/CDNs1ueNm4Ec6c0tqht","action":"Initial GetUpdates", "result":"", "context":Reason: NEW_CLIENT. cV=Ty/CDNs1ueNm4Ec6c0tqht}
{"logTime": "0518/215313", "correlationVector":"Ty/CDNs1ueNm4Ec6c0tqht.3","action":"GetUpdates Response", "result":"Success", "context":Received 1 update(s). cV=Ty/CDNs1ueNm4Ec6c0tqht.0;server=akswtt00700001b;cloudType=Consumer;environment=Prod_francecentral_prod-s01-062-eur-francecentral;migrationStage=NotStarted}
{"logTime": "0518/215313", "correlationVector":"YLryzh3eKpsNPHWBVGu9dV","action":"Initial GetUpdates", "result":"", "context":Reason: NEWLY_SUPPORTED_DATATYPE. cV=YLryzh3eKpsNPHWBVGu9dV}
{"logTime": "0518/215313", "correlationVector":"YLryzh3eKpsNPHWBVGu9dV.1","action":"SyncServerConnectionManagerRequest", "result":"SYNC_SERVER_OK", "context":{"environment":"Prod_francecentral_prod-s01-062-eur-francecentral", "migrationStage":"NotStarted", "server":"akswtt007000033"}}
{"logTime": "0518/215313", "correlationVector":"YLryzh3eKpsNPHWBVGu9dV.2","action":"ProcessGetUpdates", "result":"Done", "context":{"dataType":"Preferences", "deleted":"7", "process_failed_to_decrypt":"0", "process_pending_decryption":"0", "process_success":"88", "total":"88"}}
{"logTime": "0518/215313", "correlationVector":"YLryzh3eKpsNPHWBVGu9dV.3","action":"ProcessGetUpdates", "result":"Done", "context":{"dataType":"Passwords", "deleted":"0", "process_failed_to_decrypt":"0", "process_pending_decryption":"0", "process_success":"87", "total":"87"}}
{"logTime": "0518/215313", "correlationVector":"YLryzh3eKpsNPHWBVGu9dV.4","action":"ProcessGetUpdates", "result":"Done", "context":{"dataType":"Device Info", "deleted":"0", "process_failed_to_decrypt":"0", "process_pending_decryption":"0", "process_success":"9", "total":"9"}}
{"logTime": "0518/215313", "correlationVector":"YLryzh3eKpsNPHWBVGu9dV.5","action":"GetUpdates Response", "result":"Success", "context":Received 184 update(s). cV=YLryzh3eKpsNPHWBVGu9dV.0;server=akswtt007000033;cloudType=Consumer;environment=Prod_francecentral_prod-s01-062-eur-francecentral;migrationStage=NotStarted}
{"logTime": "0518/215313", "correlationVector":"bOuwKniJFJ95kl4g3y13iu","action":"Initial GetUpdates", "result":"", "context":Reason: NEWLY_SUPPORTED_DATATYPE. cV=bOuwKniJFJ95kl4g3y13iu}
{"logTime": "0518/215314", "correlationVector":"bOuwKniJFJ95kl4g3y13iu.1","action":"SyncServerConnectionManagerRequest", "result":"SYNC_SERVER_OK", "context":{"environment":"Prod_francecentral_prod-s01-062-eur-francecentral", "migrationStage":"NotStarted", "server":"akswtt00700004f"}}
{"logTime": "0518/215314", "correlationVector":"bOuwKniJFJ95kl4g3y13iu.2","action":"ProcessGetUpdates", "result":"Done", "context":{"dataType":"Bookmarks", "deleted":"0", "process_failed_to_decrypt":"0", "process_pending_decryption":"0", "process_success":"8", "total":"8"}}
{"logTime": "0518/215314", "correlationVector":"bOuwKniJFJ95kl4g3y13iu.3","action":"GetUpdates Response", "result":"Success", "context":Received 8 update(s). cV=bOuwKniJFJ95kl4g3y13iu.0;server=akswtt00700004f;cloudType=Consumer;environment=Prod_francecentral_prod-s01-062-eur-francecentral;migrationStage=NotStarted}
{"logTime": "0518/215314", "correlationVector":"bAjFDuXkL+t9Le7/Krx8uG","action":"Initial GetUpdates", "result":"", "context":Reason: NEWLY_SUPPORTED_DATATYPE. cV=bAjFDuXkL+t9Le7/Krx8uG}
{"logTime": "0518/215314", "correlationVector":"bAjFDuXkL+t9Le7/Krx8uG.1","action":"SyncServerConnectionManagerRequest", "result":"SYNC_SERVER_OK", "context":{"environment":"Prod_francecentral_prod-s01-062-eur-francecentral", "migrationStage":"NotStarted", "server":"akswtt00700005j"}}
{"logTime": "0518/215314", "correlationVector":"bAjFDuXkL+t9Le7/Krx8uG.2","action":"ProcessGetUpdates", "result":"Done", "context":{"dataType":"Autofill Profiles", "deleted":"0", "process_failed_to_decrypt":"0", "process_pending_decryption":"0", "process_success":"4", "total":"4"}}
{"logTime": "0518/215314", "correlationVector":"bAjFDuXkL+t9Le7/Krx8uG.3","action":"ProcessGetUpdates", "result":"Done", "context":{"dataType":"Autofill", "deleted":"0", "process_failed_to_decrypt":"0", "process_pending_decryption":"0", "process_success":"227", "total":"227"}}
{"logTime": "0518/215314", "correlationVector":"bAjFDuXkL+t9Le7/Krx8uG.4","action":"ProcessGetUpdates", "result":"Done", "context":{"dataType":"Sessions", "deleted":"14", "process_failed_to_decrypt":"0", "process_pending_decryption":"0", "process_success":"14", "total":"14"}}
{"logTime": "0518/215314", "correlationVector":"bAjFDuXkL+t9Le7/Krx8uG.6","action":"GetUpdates Response", "result":"Success", "context":Received 250 update(s). cV=bAjFDuXkL+t9Le7/Krx8uG.0;server=akswtt00700005j;cloudType=Consumer;environment=Prod_francecentral_prod-s01-062-eur-francecentral;migrationStage=NotStarted Some updates remain.}
{"logTime": "0518/215314", "correlationVector":"4rQ4eT0efSQiU8cEb+4mwl","action":"Initial GetUpdates", "result":"", "context":Reason: NEWLY_SUPPORTED_DATATYPE. cV=4rQ4eT0efSQiU8cEb+4mwl}
{"logTime": "0518/215314", "correlationVector":"4rQ4eT0efSQiU8cEb+4mwl.1","action":"SyncServerConnectionManagerRequest", "result":"SYNC_SERVER_OK", "context":{"environment":"Prod_francecentral_prod-s01-062-eur-francecentral", "migrationStage":"NotStarted", "server":"akswtt00700004f"}}
{"logTime": "0518/215314", "correlationVector":"4rQ4eT0efSQiU8cEb+4mwl.2","action":"ProcessGetUpdates", "result":"Done", "context":{"dataType":"Autofill Profiles", "deleted":"2", "process_failed_to_decrypt":"0", "process_pending_decryption":"0", "process_success":"3", "total":"3"}}
{"logTime": "0518/215314", "correlationVector":"4rQ4eT0efSQiU8cEb+4mwl.3","action":"ProcessGetUpdates", "result":"Done", "context":{"dataType":"Autofill", "deleted":"0", "process_failed_to_decrypt":"0", "process_pending_decryption":"0", "process_success":"3", "total":"3"}}
{"logTime": "0518/215314", "correlationVector":"4rQ4eT0efSQiU8cEb+4mwl.4","action":"ProcessGetUpdates", "result":"Done", "context":{"dataType":"Extensions", "deleted":"0", "process_failed_to_decrypt":"0", "process_pending_decryption":"0", "process_success":"1", "total":"1"}}
{"logTime": "0518/215314", "correlationVector":"4rQ4eT0efSQiU8cEb+4mwl.5","action":"ProcessGetUpdates", "result":"Done", "context":{"dataType":"Sessions", "deleted":"75", "process_failed_to_decrypt":"0", "process_pending_decryption":"0", "process_success":"86", "total":"86"}}
{"logTime": "0518/215314", "correlationVector":"4rQ4eT0efSQiU8cEb+4mwl.6","action":"ProcessGetUpdates", "result":"Done", "context":{"dataType":"Edge Hub App Usage", "deleted":"8", "process_failed_to_decrypt":"0", "process_pending_decryption":"0", "process_success":"22", "total":"22"}}
{"logTime": "0518/215314", "correlationVector":"4rQ4eT0efSQiU8cEb+4mwl.7","action":"GetUpdates Response", "result":"Success", "context":Received 115 update(s). cV=4rQ4eT0efSQiU8cEb+4mwl.0;server=akswtt00700004f;cloudType=Consumer;environment=Prod_francecentral_prod-s01-062-eur-francecentral;migrationStage=NotStarted}
{"logTime": "0518/215314", "correlationVector":"LkcOqKHQ8OgPIhkJFfp9hN","action":"Initial GetUpdates", "result":"", "context":Reason: NEWLY_SUPPORTED_DATATYPE. cV=LkcOqKHQ8OgPIhkJFfp9hN}
{"logTime": "0518/215315", "correlationVector":"LkcOqKHQ8OgPIhkJFfp9hN.1","action":"SyncServerConnectionManagerRequest", "result":"SYNC_SERVER_OK", "context":{"environment":"Prod_francecentral_prod-s01-062-eur-francecentral", "migrationStage":"NotStarted", "server":"akswtt007000034"}}
{"logTime": "0518/215315", "correlationVector":"LkcOqKHQ8OgPIhkJFfp9hN.2","action":"ProcessGetUpdates", "result":"Done", "context":{"dataType":"History", "deleted":"0", "process_failed_to_decrypt":"0", "process_pending_decryption":"0", "process_success":"238", "total":"238"}}
{"logTime": "0518/215315", "correlationVector":"LkcOqKHQ8OgPIhkJFfp9hN.3","action":"GetUpdates Response", "result":"Success", "context":Received 238 update(s). cV=LkcOqKHQ8OgPIhkJFfp9hN.0;server=akswtt007000034;cloudType=Consumer;environment=Prod_francecentral_prod-s01-062-eur-francecentral;migrationStage=NotStarted}
{"logTime": "0518/215315", "correlationVector":"qKiPUJ00Zg7X6GhVT3S9iT","action":"Normal GetUpdate request", "result":"", "context":cV=qKiPUJ00Zg7X6GhVT3S9iT
Nudged types: Sessions, Device Info, User Consents, Encryption Keys
Refresh requested types: Bookmarks, Preferences, Passwords, Autofill Profiles, Autofill, Extensions, Sessions, Extension settings, History Delete Directives, Device Info, User Consents, Send Tab To Self, Web Apps, History, Saved Tab Group, Collection, Edge E Drop, Edge Hub App Usage, Edge Tab Group, Edge Wallet, Encryption Keys}
{"logTime": "0518/215315", "correlationVector":"qKiPUJ00Zg7X6GhVT3S9iT.1","action":"SyncServerConnectionManagerRequest", "result":"SYNC_SERVER_OK", "context":{"environment":"Prod_francecentral_prod-s01-062-eur-francecentral", "migrationStage":"NotStarted", "server":"akswtt007000004"}}
{"logTime": "0518/215315", "correlationVector":"qKiPUJ00Zg7X6GhVT3S9iT.2","action":"GetUpdates Response", "result":"Success", "context":Received 0 update(s). cV=qKiPUJ00Zg7X6GhVT3S9iT.0;server=akswtt007000004;cloudType=Consumer;environment=Prod_francecentral_prod-s01-062-eur-francecentral;migrationStage=NotStarted}
{"logTime": "0518/215315", "correlationVector":"dDIklHpQXdyWJuYq5enT2q","action":"Commit Request", "result":"", "context":Item count: 1
Contributing types: Encryption Keys}
{"logTime": "0518/215315", "correlationVector":"dDIklHpQXdyWJuYq5enT2q.1","action":"SyncServerConnectionManagerRequest", "result":"SYNC_SERVER_OK", "context":{"environment":"Prod_francecentral_prod-s01-062-eur-francecentral", "migrationStage":"NotStarted", "server":"akswtt00700001y"}}
{"logTime": "0518/215315", "correlationVector":"dDIklHpQXdyWJuYq5enT2q.2","action":"Commit Response", "result":"Success", "context":Result: Success. cV=dDIklHpQXdyWJuYq5enT2q.0;server=akswtt00700001y;cloudType=Consumer;environment=Prod_francecentral_prod-s01-062-eur-francecentral;migrationStage=NotStarted}
{"logTime": "0518/215315", "correlationVector":"Aj63POMmktQk/Ort8HqLR8","action":"Commit Request", "result":"", "context":Item count: 40
Contributing types: Passwords}
{"logTime": "0518/215317", "correlationVector":"Aj63POMmktQk/Ort8HqLR8.1","action":"SyncServerConnectionManagerRequest", "result":"SYNC_SERVER_OK", "context":{"environment":"Prod_francecentral_prod-s01-062-eur-francecentral", "migrationStage":"NotStarted", "server":"akswtt007000034"}}
{"logTime": "0518/215317", "correlationVector":"Aj63POMmktQk/Ort8HqLR8.2","action":"Commit Response", "result":"Success", "context":Result: Success. cV=Aj63POMmktQk/Ort8HqLR8.0;server=akswtt007000034;cloudType=Consumer;environment=Prod_francecentral_prod-s01-062-eur-francecentral;migrationStage=NotStarted}
{"logTime": "0518/215317", "correlationVector":"4me4oXuGV/NkuX7DcwzyLB","action":"Commit Request", "result":"", "context":Item count: 40
Contributing types: Passwords}
{"logTime": "0518/215319", "correlationVector":"4me4oXuGV/NkuX7DcwzyLB.1","action":"SyncServerConnectionManagerRequest", "result":"SYNC_SERVER_OK", "context":{"environment":"Prod_francecentral_prod-s01-062-eur-francecentral", "migrationStage":"NotStarted", "server":"akswtt007000004"}}
{"logTime": "0518/215319", "correlationVector":"4me4oXuGV/NkuX7DcwzyLB.2","action":"Commit Response", "result":"Success", "context":Result: Success. cV=4me4oXuGV/NkuX7DcwzyLB.0;server=akswtt007000004;cloudType=Consumer;environment=Prod_francecentral_prod-s01-062-eur-francecentral;migrationStage=NotStarted}
{"logTime": "0518/215319", "correlationVector":"4me4oXuGV/NkuX7DcwzyLB.3","action":"Commit.Passwords", "result":"Conflict", "context":{"id":"40861f37-0c24-41b0-97b1-5de2ad86635c", "isDeleted":"false", "size":"745", "version":"1747324197391"}}
{"logTime": "0518/215319", "correlationVector":"4me4oXuGV/NkuX7DcwzyLB.4","action":"Commit.Passwords", "result":"Conflict", "context":{"id":"e3121eac-7330-4cdd-a88c-61558435783f", "isDeleted":"false", "size":"724", "version":"1747324197392"}}
{"logTime": "0518/215320", "correlationVector":"e8ZqBO8jF37AC0uYR3b5Tb","action":"Normal GetUpdate request", "result":"", "context":cV=e8ZqBO8jF37AC0uYR3b5Tb
Nudged types: Passwords, Autofill Profiles, Autofill, Sessions, Device Info, User Consents, History, Encryption Keys
Refresh requested types: Bookmarks, Preferences, Passwords, Autofill Profiles, Autofill, Extensions, Sessions, Extension settings, History Delete Directives, Device Info, User Consents, Send Tab To Self, Web Apps, History, Saved Tab Group, Collection, Edge E Drop, Edge Hub App Usage, Edge Tab Group, Edge Wallet, Encryption Keys}
{"logTime": "0518/215321", "correlationVector":"e8ZqBO8jF37AC0uYR3b5Tb.1","action":"SyncServerConnectionManagerRequest", "result":"SYNC_SERVER_OK", "context":{"environment":"Prod_francecentral_prod-s01-062-eur-francecentral", "migrationStage":"NotStarted", "server":"akswtt007000004"}}
{"logTime": "0518/215321", "correlationVector":"e8ZqBO8jF37AC0uYR3b5Tb.2","action":"ProcessGetUpdates", "result":"Done", "context":{"dataType":"Passwords", "deleted":"0", "process_failed_to_decrypt":"0", "process_pending_decryption":"0", "process_success":"80", "total":"80"}}
{"logTime": "0518/215321", "correlationVector":"e8ZqBO8jF37AC0uYR3b5Tb.3","action":"ProcessGetUpdates", "result":"Done", "context":{"dataType":"Device Info", "deleted":"0", "process_failed_to_decrypt":"0", "process_pending_decryption":"0", "process_success":"1", "total":"1"}}
{"logTime": "0518/215321", "correlationVector":"e8ZqBO8jF37AC0uYR3b5Tb.4","action":"ProcessGetUpdates", "result":"Done", "context":{"dataType":"Encryption Keys", "deleted":"0", "process_failed_to_decrypt":"0", "process_pending_decryption":"0", "process_success":"1", "total":"1"}}
{"logTime": "0518/215321", "correlationVector":"e8ZqBO8jF37AC0uYR3b5Tb.5","action":"GetUpdates Response", "result":"Success", "context":Received 82 update(s). cV=e8ZqBO8jF37AC0uYR3b5Tb.0;server=akswtt007000004;cloudType=Consumer;environment=Prod_francecentral_prod-s01-062-eur-francecentral;migrationStage=NotStarted}
{"logTime": "0518/215321", "correlationVector":"RNNxNfSahEt21SpxkABHbf","action":"Commit Request", "result":"", "context":Item count: 40
Contributing types: Passwords, Autofill Profiles, Autofill, Device Info}
{"logTime": "0518/215322", "correlationVector":"RNNxNfSahEt21SpxkABHbf.1","action":"SyncServerConnectionManagerRequest", "result":"SYNC_SERVER_OK", "context":{"environment":"Prod_francecentral_prod-s01-062-eur-francecentral", "migrationStage":"NotStarted", "server":"akswtt00700001b"}}
{"logTime": "0518/215322", "correlationVector":"RNNxNfSahEt21SpxkABHbf.3","action":"Commit.Passwords", "result":"Conflict", "context":{"id":"ea4bcf98-aa78-4311-a8bc-f88ab81701d8", "isDeleted":"false", "size":"709", "version":"1747324197408"}}
{"logTime": "0518/215322", "correlationVector":"RNNxNfSahEt21SpxkABHbf.2","action":"Commit Response", "result":"Success", "context":Result: Success. cV=RNNxNfSahEt21SpxkABHbf.0;server=akswtt00700001b;cloudType=Consumer;environment=Prod_francecentral_prod-s01-062-eur-francecentral;migrationStage=NotStarted}
{"logTime": "0518/215322", "correlationVector":"RNNxNfSahEt21SpxkABHbf.4","action":"Commit.Passwords", "result":"Conflict", "context":{"id":"617c9a78-d0e2-4b33-ba53-7a36c54eab40", "isDeleted":"false", "size":"668", "version":"1747324197409"}}
{"logTime": "0518/215322", "correlationVector":"RNNxNfSahEt21SpxkABHbf.5","action":"Commit.Passwords", "result":"Conflict", "context":{"id":"82952197-debf-4638-bd70-ef5b3e78cf2f", "isDeleted":"false", "size":"689", "version":"1747324197410"}}
{"logTime": "0518/215322", "correlationVector":"RNNxNfSahEt21SpxkABHbf.6","action":"Commit.Passwords", "result":"Conflict", "context":{"id":"d42ebe93-8776-4a33-a73a-3326bb59e066", "isDeleted":"false", "size":"690", "version":"1747324197411"}}
{"logTime": "0518/215322", "correlationVector":"RNNxNfSahEt21SpxkABHbf.8","action":"Commit.Passwords", "result":"Conflict", "context":{"id":"ad4de53d-4114-414c-86a5-8f011dfb0e9e", "isDeleted":"false", "size":"739", "version":"1747324197413"}}
{"logTime": "0518/215322", "correlationVector":"RNNxNfSahEt21SpxkABHbf.9","action":"Commit.Passwords", "result":"Conflict", "context":{"id":"cfd76d57-228a-4c9c-b37f-dc9ba524d943", "isDeleted":"false", "size":"736", "version":"1747324197414"}}
{"logTime": "0518/215322", "correlationVector":"RNNxNfSahEt21SpxkABHbf.10","action":"Commit.Autofill Profiles", "result":"Conflict", "context":{"id":"9c5c0710-2cf1-4161-81f5-cb05444246c2", "isDeleted":"false", "size":"568", "version":"1732019504759"}}
{"logTime": "0518/215322", "correlationVector":"RNNxNfSahEt21SpxkABHbf.11","action":"Commit.Autofill Profiles", "result":"Conflict", "context":{"id":"69a49004-1a98-4f9f-a35b-cf5a52733974", "isDeleted":"false", "size":"568", "version":"1745537276490"}}
{"logTime": "0518/215322", "correlationVector":"RNNxNfSahEt21SpxkABHbf.12","action":"Commit.Autofill Profiles", "result":"Conflict", "context":{"id":"1afd0f9e-63b6-45b9-accd-406b7adb1136", "isDeleted":"false", "size":"608", "version":"1735581792321"}}
{"logTime": "0518/215322", "correlationVector":"RNNxNfSahEt21SpxkABHbf.13","action":"Commit.Autofill Profiles", "result":"Conflict", "context":{"id":"80325bd1-7c38-4153-bf81-7015eea4139a", "isDeleted":"false", "size":"568", "version":"1732019504763"}}
{"logTime": "0518/215322", "correlationVector":"RNNxNfSahEt21SpxkABHbf.14","action":"Commit.Autofill Profiles", "result":"Conflict", "context":{"id":"e912f82a-9cbb-4836-a60f-17d949151ce8", "isDeleted":"false", "size":"588", "version":"1738706635469"}}
{"logTime": "0518/215322", "correlationVector":"RNNxNfSahEt21SpxkABHbf.15","action":"Commit.Autofill", "result":"Conflict", "context":{"id":"3b033664-b8a1-4fbe-a997-cc7d98c34108", "isDeleted":"false", "size":"224", "version":"1732019504767"}}
{"logTime": "0518/215322", "correlationVector":"RNNxNfSahEt21SpxkABHbf.16","action":"Commit.Autofill", "result":"Conflict", "context":{"id":"019d5c1f-0283-45a0-921a-3c81f3f59aee", "isDeleted":"false", "size":"224", "version":"1732048083521"}}
{"logTime": "0518/215322", "correlationVector":"RNNxNfSahEt21SpxkABHbf.17","action":"Commit.Autofill", "result":"Conflict", "context":{"id":"d7a4e169-0f98-4a4f-93ed-37f3e4d963e6", "isDeleted":"false", "size":"248", "version":"1732019504769"}}
{"logTime": "0518/215322", "correlationVector":"RNNxNfSahEt21SpxkABHbf.18","action":"Commit.Autofill", "result":"Conflict", "context":{"id":"d00a92fa-3d38-42d3-b21b-d18d82dfe329", "isDeleted":"false", "size":"248", "version":"1745537278524"}}
{"logTime": "0518/215323", "correlationVector":"KZpuycTTAba//v06rC1rWq","action":"Normal GetUpdate request", "result":"", "context":cV=KZpuycTTAba//v06rC1rWq
Nudged types: Passwords, Autofill Profiles, Autofill, Sessions, Device Info, User Consents, History, Encryption Keys
Notified types: Passwords, Autofill Profiles, Autofill, Device Info
Refresh requested types: Bookmarks, Preferences, Passwords, Autofill Profiles, Autofill, Extensions, Sessions, Extension settings, History Delete Directives, Device Info, User Consents, Send Tab To Self, Web Apps, History, Saved Tab Group, Collection, Edge E Drop, Edge Hub App Usage, Edge Tab Group, Edge Wallet, Encryption Keys}
{"logTime": "0518/215324", "correlationVector":"KZpuycTTAba//v06rC1rWq.1","action":"SyncServerConnectionManagerRequest", "result":"SYNC_SERVER_OK", "context":{"environment":"Prod_francecentral_prod-s01-062-eur-francecentral", "migrationStage":"NotStarted", "server":"akswtt00700001q"}}
{"logTime": "0518/215324", "correlationVector":"KZpuycTTAba//v06rC1rWq.2","action":"ProcessGetUpdates", "result":"Done", "context":{"dataType":"Autofill Profiles", "deleted":"0", "process_failed_to_decrypt":"0", "process_pending_decryption":"0", "process_success":"5", "total":"5"}}
{"logTime": "0518/215324", "correlationVector":"KZpuycTTAba//v06rC1rWq.3","action":"ProcessGetUpdates", "result":"Done", "context":{"dataType":"Autofill", "deleted":"0", "process_failed_to_decrypt":"0", "process_pending_decryption":"0", "process_success":"57", "total":"57"}}
{"logTime": "0518/215324", "correlationVector":"KZpuycTTAba//v06rC1rWq.4","action":"ProcessGetUpdates", "result":"Done", "context":{"dataType":"Device Info", "deleted":"0", "process_failed_to_decrypt":"0", "process_pending_decryption":"0", "process_success":"2", "total":"2"}}
{"logTime": "0518/215324", "correlationVector":"RfERFGY2wbhXg8UMcQgrHv","action":"Commit Request", "result":"", "context":Item count: 40
Contributing types: Autofill}
{"logTime": "0518/215325", "correlationVector":"RfERFGY2wbhXg8UMcQgrHv.1","action":"SyncServerConnectionManagerRequest", "result":"SYNC_SERVER_OK", "context":{"environment":"Prod_francecentral_prod-s01-062-eur-francecentral", "migrationStage":"NotStarted", "server":"akswtt00700001b"}}
{"logTime": "0518/215325", "correlationVector":"RfERFGY2wbhXg8UMcQgrHv.2","action":"Commit Response", "result":"Success", "context":Result: Success. cV=RfERFGY2wbhXg8UMcQgrHv.0;server=akswtt00700001b;cloudType=Consumer;environment=Prod_francecentral_prod-s01-062-eur-francecentral;migrationStage=NotStarted}
{"logTime": "0518/215325", "correlationVector":"YlIGNZNBbi/XX6uZlAmZJW","action":"Commit Request", "result":"", "context":Item count: 40
Contributing types: Preferences, Autofill}
{"logTime": "0518/215327", "correlationVector":"YlIGNZNBbi/XX6uZlAmZJW.1","action":"SyncServerConnectionManagerRequest", "result":"SYNC_SERVER_OK", "context":{"environment":"Prod_francecentral_prod-s01-062-eur-francecentral", "migrationStage":"NotStarted", "server":"akswtt00700001q"}}
{"logTime": "0518/215327", "correlationVector":"YlIGNZNBbi/XX6uZlAmZJW.2","action":"Commit Response", "result":"Success", "context":Result: Success. cV=YlIGNZNBbi/XX6uZlAmZJW.0;server=akswtt00700001q;cloudType=Consumer;environment=Prod_francecentral_prod-s01-062-eur-francecentral;migrationStage=NotStarted}
{"logTime": "0518/215327", "correlationVector":"xcWD7Tp73Blel8vhYvYqdN","action":"Commit Request", "result":"", "context":Item count: 40
Contributing types: Autofill}
{"logTime": "0518/215328", "correlationVector":"xcWD7Tp73Blel8vhYvYqdN.1","action":"SyncServerConnectionManagerRequest", "result":"SYNC_SERVER_OK", "context":{"environment":"Prod_francecentral_prod-s01-062-eur-francecentral", "migrationStage":"NotStarted", "server":"akswtt00700004u"}}
{"logTime": "0518/215328", "correlationVector":"xcWD7Tp73Blel8vhYvYqdN.2","action":"Commit Response", "result":"Success", "context":Result: Success. cV=xcWD7Tp73Blel8vhYvYqdN.0;server=akswtt00700004u;cloudType=Consumer;environment=Prod_francecentral_prod-s01-062-eur-francecentral;migrationStage=NotStarted}
{"logTime": "0518/215328", "correlationVector":"AS/R5LjIBhbxVhEM15WqUj","action":"Commit Request", "result":"", "context":Item count: 40
Contributing types: Autofill}
{"logTime": "0518/215330", "correlationVector":"AS/R5LjIBhbxVhEM15WqUj.1","action":"SyncServerConnectionManagerRequest", "result":"SYNC_SERVER_OK", "context":{"environment":"Prod_francecentral_prod-s01-062-eur-francecentral", "migrationStage":"NotStarted", "server":"akswtt00700005j"}}
{"logTime": "0518/215330", "correlationVector":"AS/R5LjIBhbxVhEM15WqUj.2","action":"Commit Response", "result":"Success", "context":Result: Success. cV=AS/R5LjIBhbxVhEM15WqUj.0;server=akswtt00700005j;cloudType=Consumer;environment=Prod_francecentral_prod-s01-062-eur-francecentral;migrationStage=NotStarted}
{"logTime": "0518/215330", "correlationVector":"49WmF8wLPyCTEHNhS/G+II","action":"Commit Request", "result":"", "context":Item count: 19
Contributing types: Autofill, Sessions, User Consents, History}
{"logTime": "0518/215331", "correlationVector":"49WmF8wLPyCTEHNhS/G+II.1","action":"SyncServerConnectionManagerRequest", "result":"SYNC_SERVER_OK", "context":{"environment":"Prod_francecentral_prod-s01-062-eur-francecentral", "migrationStage":"NotStarted", "server":"akswtt007000033"}}
{"logTime": "0518/215331", "correlationVector":"49WmF8wLPyCTEHNhS/G+II.2","action":"Commit Response", "result":"Success", "context":Result: Success. cV=49WmF8wLPyCTEHNhS/G+II.0;server=akswtt007000033;cloudType=Consumer;environment=Prod_francecentral_prod-s01-062-eur-francecentral;migrationStage=NotStarted}
{"logTime": "0518/215331", "correlationVector":"ukXB9ab3czLSRw5eSbUZSk","action":"Normal GetUpdate request", "result":"", "context":cV=ukXB9ab3czLSRw5eSbUZSk
Nudged types: Preferences, Passwords, Autofill, Sessions, History
Notified types: Passwords, Autofill
Refresh requested types: Passwords}
{"logTime": "0518/215331", "correlationVector":"ukXB9ab3czLSRw5eSbUZSk.1","action":"SyncServerConnectionManagerRequest", "result":"SYNC_SERVER_OK", "context":{"environment":"Prod_francecentral_prod-s01-062-eur-francecentral", "migrationStage":"NotStarted", "server":"akswtt00700001o"}}
{"logTime": "0518/215331", "correlationVector":"ukXB9ab3czLSRw5eSbUZSk.2","action":"ProcessGetUpdates", "result":"Done", "context":{"dataType":"Preferences", "deleted":"0", "process_failed_to_decrypt":"0", "process_pending_decryption":"0", "process_success":"1", "total":"1"}}
{"logTime": "0518/215331", "correlationVector":"ukXB9ab3czLSRw5eSbUZSk.3","action":"ProcessGetUpdates", "result":"Done", "context":{"dataType":"Autofill", "deleted":"0", "process_failed_to_decrypt":"0", "process_pending_decryption":"0", "process_success":"172", "total":"172"}}
{"logTime": "0518/215331", "correlationVector":"ukXB9ab3czLSRw5eSbUZSk.4","action":"ProcessGetUpdates", "result":"Done", "context":{"dataType":"Sessions", "deleted":"0", "process_failed_to_decrypt":"0", "process_pending_decryption":"0", "process_success":"2", "total":"2"}}
{"logTime": "0518/215331", "correlationVector":"ukXB9ab3czLSRw5eSbUZSk.5","action":"ProcessGetUpdates", "result":"Done", "context":{"dataType":"History", "deleted":"0", "process_failed_to_decrypt":"0", "process_pending_decryption":"0", "process_success":"2", "total":"2"}}
{"logTime": "0518/215331", "correlationVector":"ukXB9ab3czLSRw5eSbUZSk.6","action":"GetUpdates Response", "result":"Success", "context":Received 177 update(s). cV=ukXB9ab3czLSRw5eSbUZSk.0;server=akswtt00700001o;cloudType=Consumer;environment=Prod_francecentral_prod-s01-062-eur-francecentral;migrationStage=NotStarted}
{"logTime": "0518/215437", "correlationVector":"t7WkhpAMzYxeoQjjMB0Kqw","action":"Normal GetUpdate request", "result":"", "context":cV=t7WkhpAMzYxeoQjjMB0Kqw
Nudged types: Passwords
Notified types: Passwords
Refresh requested types: Passwords
Is retry: True}
{"logTime": "0518/215438", "correlationVector":"t7WkhpAMzYxeoQjjMB0Kqw.1","action":"SyncServerConnectionManagerRequest", "result":"SYNC_SERVER_OK", "context":{"environment":"Prod_francecentral_prod-s01-062-eur-francecentral", "migrationStage":"NotStarted", "server":"akswtt007000034"}}
{"logTime": "0518/215438", "correlationVector":"t7WkhpAMzYxeoQjjMB0Kqw.2","action":"ProcessGetUpdates", "result":"Done", "context":{"dataType":"Passwords", "deleted":"0", "process_failed_to_decrypt":"0", "process_pending_decryption":"0", "process_success":"7", "total":"7"}}
{"logTime": "0518/215438", "correlationVector":"t7WkhpAMzYxeoQjjMB0Kqw.3","action":"GetUpdates Response", "result":"Success", "context":Received 7 update(s). cV=t7WkhpAMzYxeoQjjMB0Kqw.0;server=akswtt007000034;cloudType=Consumer;environment=Prod_francecentral_prod-s01-062-eur-francecentral;migrationStage=NotStarted}
{"logTime": "0518/215438", "correlationVector":"FWJEVnnNcY7OgIZ5gIraqr","action":"Commit Request", "result":"", "context":Item count: 40
Contributing types: Passwords}
{"logTime": "0518/215440", "correlationVector":"FWJEVnnNcY7OgIZ5gIraqr.1","action":"SyncServerConnectionManagerRequest", "result":"SYNC_SERVER_OK", "context":{"environment":"Prod_francecentral_prod-s01-062-eur-francecentral", "migrationStage":"NotStarted", "server":"akswtt00700001y"}}
{"logTime": "0518/215440", "correlationVector":"FWJEVnnNcY7OgIZ5gIraqr.2","action":"Commit Response", "result":"Success", "context":Result: Success. cV=FWJEVnnNcY7OgIZ5gIraqr.0;server=akswtt00700001y;cloudType=Consumer;environment=Prod_francecentral_prod-s01-062-eur-francecentral;migrationStage=NotStarted}
{"logTime": "0518/215440", "correlationVector":"6czWxFujDTasiyY+vKy39/","action":"Commit Request", "result":"", "context":Item count: 34
Contributing types: Passwords}
{"logTime": "0518/215441", "correlationVector":"6czWxFujDTasiyY+vKy39/.1","action":"SyncServerConnectionManagerRequest", "result":"SYNC_SERVER_OK", "context":{"environment":"Prod_francecentral_prod-s01-062-eur-francecentral", "migrationStage":"NotStarted", "server":"akswtt007000047"}}
{"logTime": "0518/215441", "correlationVector":"6czWxFujDTasiyY+vKy39/.2","action":"Commit Response", "result":"Success", "context":Result: Success. cV=6czWxFujDTasiyY+vKy39/.0;server=akswtt007000047;cloudType=Consumer;environment=Prod_francecentral_prod-s01-062-eur-francecentral;migrationStage=NotStarted}
{"logTime": "0518/215607", "correlationVector":"sAn027OEkoAhZRo9Oct4B3","action":"Commit Request", "result":"", "context":Item count: 1
Contributing types: Sessions}
{"logTime": "0518/215607", "correlationVector":"sAn027OEkoAhZRo9Oct4B3.1","action":"SyncServerConnectionManagerRequest", "result":"SYNC_SERVER_OK", "context":{"environment":"Prod_francecentral_prod-s01-062-eur-francecentral", "migrationStage":"NotStarted", "server":"akswtt00700000c"}}
{"logTime": "0518/215607", "correlationVector":"sAn027OEkoAhZRo9Oct4B3.2","action":"Commit Response", "result":"Success", "context":Result: Success. cV=sAn027OEkoAhZRo9Oct4B3.0;server=akswtt00700000c;cloudType=Consumer;environment=Prod_francecentral_prod-s01-062-eur-francecentral;migrationStage=NotStarted}
{"logTime": "0518/215755", "correlationVector":"UNsK99KvgkpjBb+d2mbvBq","action":"Commit Request", "result":"", "context":Item count: 1
Contributing types: Sessions}
{"logTime": "0518/215755", "correlationVector":"UNsK99KvgkpjBb+d2mbvBq.1","action":"SyncServerConnectionManagerRequest", "result":"SYNC_SERVER_OK", "context":{"environment":"Prod_francecentral_prod-s01-062-eur-francecentral", "migrationStage":"NotStarted", "server":"akswtt00700002f"}}
{"logTime": "0518/215755", "correlationVector":"UNsK99KvgkpjBb+d2mbvBq.2","action":"Commit Response", "result":"Success", "context":Result: Success. cV=UNsK99KvgkpjBb+d2mbvBq.0;server=akswtt00700002f;cloudType=Consumer;environment=Prod_francecentral_prod-s01-062-eur-francecentral;migrationStage=NotStarted}
{"logTime": "0518/220014", "correlationVector":"+6xsthgKUb8uMcT+V8t1Yr","action":"Commit Request", "result":"", "context":Item count: 2
Contributing types: Preferences, Sessions}
{"logTime": "0518/220015", "correlationVector":"+6xsthgKUb8uMcT+V8t1Yr.1","action":"SyncServerConnectionManagerRequest", "result":"SYNC_SERVER_OK", "context":{"environment":"Prod_francecentral_prod-s01-062-eur-francecentral", "migrationStage":"NotStarted", "server":"akswtt00700004y"}}
{"logTime": "0518/220015", "correlationVector":"+6xsthgKUb8uMcT+V8t1Yr.2","action":"Commit Response", "result":"Success", "context":Result: Success. cV=+6xsthgKUb8uMcT+V8t1Yr.0;server=akswtt00700004y;cloudType=Consumer;environment=Prod_francecentral_prod-s01-062-eur-francecentral;migrationStage=NotStarted}
{"logTime": "0518/220016", "correlationVector":"MQdYRb1B9XacM6qtX0AgH8","action":"Commit Request", "result":"", "context":Item count: 2
Contributing types: Preferences, Passwords}
{"logTime": "0518/220016", "correlationVector":"MQdYRb1B9XacM6qtX0AgH8.2","action":"Commit Response", "result":"Success", "context":Result: Success. cV=MQdYRb1B9XacM6qtX0AgH8.0;server=akswtt00700003f;cloudType=Consumer;environment=Prod_francecentral_prod-s01-062-eur-francecentral;migrationStage=NotStarted}
{"logTime": "0518/220310", "correlationVector":"H5y6+RtPhP+kvzk9XAcNJD","action":"Commit Request", "result":"", "context":Item count: 1
Contributing types: Passwords}
{"logTime": "0518/220310", "correlationVector":"H5y6+RtPhP+kvzk9XAcNJD.1","action":"SyncServerConnectionManagerRequest", "result":"SYNC_SERVER_OK", "context":{"environment":"Prod_francecentral_prod-s01-062-eur-francecentral", "migrationStage":"NotStarted", "server":"akswtt00700003v"}}
{"logTime": "0518/220310", "correlationVector":"H5y6+RtPhP+kvzk9XAcNJD.2","action":"Commit Response", "result":"Success", "context":Result: Success. cV=H5y6+RtPhP+kvzk9XAcNJD.0;server=akswtt00700003v;cloudType=Consumer;environment=Prod_francecentral_prod-s01-062-eur-francecentral;migrationStage=NotStarted}
{"logTime": "0518/220410", "correlationVector":"6XYxJK1YhnONJp69HXVmQr","action":"Commit Request", "result":"", "context":Item count: 1
Contributing types: Sessions}
{"logTime": "0518/220410", "correlationVector":"6XYxJK1YhnONJp69HXVmQr.1","action":"SyncServerConnectionManagerRequest", "result":"SYNC_SERVER_OK", "context":{"environment":"Prod_francecentral_prod-s01-062-eur-francecentral", "migrationStage":"NotStarted", "server":"akswtt00700004m"}}
{"logTime": "0518/220410", "correlationVector":"6XYxJK1YhnONJp69HXVmQr.2","action":"Commit Response", "result":"Success", "context":Result: Success. cV=6XYxJK1YhnONJp69HXVmQr.0;server=akswtt00700004m;cloudType=Consumer;environment=Prod_francecentral_prod-s01-062-eur-francecentral;migrationStage=NotStarted}
{"logTime": "0518/220756", "correlationVector":"OhRZSkGmdECFx3UUvvsALP","action":"Commit Request", "result":"", "context":Item count: 3
Contributing types: Preferences, Passwords, Sessions}
{"logTime": "0518/220756", "correlationVector":"OhRZSkGmdECFx3UUvvsALP.1","action":"SyncServerConnectionManagerRequest", "result":"SYNC_SERVER_OK", "context":{"environment":"Prod_francecentral_prod-s01-062-eur-francecentral", "migrationStage":"NotStarted", "server":"akswtt00700004z"}}
{"logTime": "0518/220756", "correlationVector":"OhRZSkGmdECFx3UUvvsALP.2","action":"Commit Response", "result":"Success", "context":Result: Success. cV=OhRZSkGmdECFx3UUvvsALP.0;server=akswtt00700004z;cloudType=Consumer;environment=Prod_francecentral_prod-s01-062-eur-francecentral;migrationStage=NotStarted}
{"logTime": "0518/221015", "correlationVector":"3NwfTVnvA7xR0mTsoAkfs9","action":"Commit Request", "result":"", "context":Item count: 7
Contributing types: Preferences, Passwords, Sessions, History}
{"logTime": "0518/221015", "correlationVector":"3NwfTVnvA7xR0mTsoAkfs9.1","action":"SyncServerConnectionManagerRequest", "result":"SYNC_SERVER_OK", "context":{"environment":"Prod_francecentral_prod-s01-062-eur-francecentral", "migrationStage":"NotStarted", "server":"akswtt00700000c"}}
{"logTime": "0518/221015", "correlationVector":"3NwfTVnvA7xR0mTsoAkfs9.2","action":"Commit Response", "result":"Success", "context":Result: Success. cV=3NwfTVnvA7xR0mTsoAkfs9.0;server=akswtt00700000c;cloudType=Consumer;environment=Prod_francecentral_prod-s01-062-eur-francecentral;migrationStage=NotStarted}
{"logTime": "0518/222850", "correlationVector":"WMRI9DGSrsuqfNT10QuMXe","action":"Commit Request", "result":"", "context":Item count: 6
Contributing types: Passwords, Sessions, History}
{"logTime": "0518/222851", "correlationVector":"WMRI9DGSrsuqfNT10QuMXe.1","action":"SyncServerConnectionManagerRequest", "result":"SYNC_SERVER_OK", "context":{"environment":"Prod_francecentral_prod-s01-062-eur-francecentral", "migrationStage":"NotStarted", "server":"akswtt00700001o"}}
{"logTime": "0518/222851", "correlationVector":"WMRI9DGSrsuqfNT10QuMXe.2","action":"Commit Response", "result":"Success", "context":Result: Success. cV=WMRI9DGSrsuqfNT10QuMXe.0;server=akswtt00700001o;cloudType=Consumer;environment=Prod_francecentral_prod-s01-062-eur-francecentral;migrationStage=NotStarted}
{"logTime": "0518/223258", "correlationVector":"YE3AV0aFPafO/Q1lppFJg3","action":"Commit Request", "result":"", "context":Item count: 11
Contributing types: Sessions, History}
{"logTime": "0518/223258", "correlationVector":"YE3AV0aFPafO/Q1lppFJg3.1","action":"SyncServerConnectionManagerRequest", "result":"SYNC_SERVER_OK", "context":{"environment":"Prod_francecentral_prod-s01-062-eur-francecentral", "migrationStage":"NotStarted", "server":"akswtt007000004"}}
{"logTime": "0518/223258", "correlationVector":"YE3AV0aFPafO/Q1lppFJg3.2","action":"Commit Response", "result":"Success", "context":Result: Success. cV=YE3AV0aFPafO/Q1lppFJg3.0;server=akswtt007000004;cloudType=Consumer;environment=Prod_francecentral_prod-s01-062-eur-francecentral;migrationStage=NotStarted}
