2025-05-18 21:53:06.069: [INFO] VisibilityChanged: 0
2025-05-18 21:53:06.143: [INFO] RecordSyncInitDuration has_sync_been_enabled: 0 state: 0
2025-05-18 21:53:06.145: [INFO] RecordSyncInitDuration has_sync_been_enabled: 0 state: 0
2025-05-18 21:53:06.146: [INFO] RecordSyncInitDuration has_sync_been_enabled: 0 state: 0
2025-05-18 21:53:06.147: [INFO] RecordSyncInitDuration has_sync_been_enabled: 0 state: 0
2025-05-18 21:53:06.149: [INFO] RecordSyncInitDuration has_sync_been_enabled: 0 state: 0
2025-05-18 21:53:06.150: [INFO] RecordSyncInitDuration has_sync_been_enabled: 0 state: 0
2025-05-18 21:53:06.152: [INFO] RecordSyncInitDuration has_sync_been_enabled: 0 state: 0
2025-05-18 21:53:06.153: [INFO] RecordSyncInitDuration has_sync_been_enabled: 0 state: 0
2025-05-18 21:53:06.154: [INFO] RecordSyncInitDuration has_sync_been_enabled: 0 state: 0
2025-05-18 21:53:06.156: [INFO] RecordSyncInitDuration has_sync_been_enabled: 0 state: 0
2025-05-18 21:53:06.158: [INFO] RecordSyncInitDuration has_sync_been_enabled: 0 state: 0
2025-05-18 21:53:06.167: [INFO] BookmarkModelLoaded, ids_reassigned: 0
2025-05-18 21:53:06.167: [INFO] OnDoneLoading sync enabled: 0
2025-05-18 21:53:06.172: [INFO] RecordSyncInitDuration has_sync_been_enabled: 0 state: 0
2025-05-18 21:53:08.628: [INFO] RecordSyncInitDuration has_sync_been_enabled: 0 state: 3
2025-05-18 21:53:08.632: [INFO] Primary account changed.
2025-05-18 21:53:08.632: [INFO] OnPrimaryAccountChanged PrimaryAccountChangeEvent::Type::kSet
2025-05-18 21:53:08.634: [INFO] RecordSyncInitDuration has_sync_been_enabled: 0 state: 3
2025-05-18 21:53:14.083: [INFO] BookmarkNodeAdded, ABU: 0
2025-05-18 21:53:14.083: [INFO] BookmarkNodeAdded, ABU: 0
2025-05-18 21:53:14.083: [INFO] BookmarkNodeAdded, ABU: 0
2025-05-18 21:53:14.734: [INFO] Sync initialization duration: 5790ms
